<?xml version="1.0" encoding="UTF-8"?>
<testng-results ignored="0" total="1" passed="1" failed="0" skipped="0">
  <reporter-output>
  </reporter-output>
  <suite started-at="2024-02-29T14:08:04 IST" name="Default suite" finished-at="2024-02-29T14:08:04 IST" duration-ms="644">
    <groups>
    </groups>
    <test started-at="2024-02-29T14:08:04 IST" name="Default test" finished-at="2024-02-29T14:08:04 IST" duration-ms="644">
      <class name="fakerlibrary.FakerDataGenerator">
        <test-method signature="testGenerateData()[pri:0, instance:fakerlibrary.FakerDataGenerator@5b239d7d]" started-at="2024-02-29T14:08:04 IST" name="testGenerateData" finished-at="2024-02-29T14:08:04 IST" duration-ms="547" status="PASS">
          <reporter-output>
          </reporter-output>
        </test-method> <!-- testGenerateData -->
      </class> <!-- fakerlibrary.FakerDataGenerator -->
    </test> <!-- Default test -->
  </suite> <!-- Default suite -->
</testng-results>
