<?xml version="1.0" encoding="UTF-8"?>
<testng-results ignored="0" total="4" passed="4" failed="0" skipped="0">
  <reporter-output>
  </reporter-output>
  <suite started-at="2024-02-28T12:56:05 IST" name="Default suite" finished-at="2024-02-28T12:56:09 IST" duration-ms="4336">
    <groups>
    </groups>
    <test started-at="2024-02-28T12:56:05 IST" name="Default test" finished-at="2024-02-28T12:56:09 IST" duration-ms="4336">
      <class name="restassuredtraining.HttpRequests">
        <test-method signature="CreateUser()[pri:0, instance:restassuredtraining.HttpRequests@79924b]" started-at="2024-02-28T12:56:05 IST" name="CreateUser" finished-at="2024-02-28T12:56:08 IST" duration-ms="2956" status="PASS">
          <reporter-output>
          </reporter-output>
        </test-method> <!-- CreateUser -->
        <test-method signature="UpdateUser()[pri:0, instance:restassuredtraining.HttpRequests@79924b]" started-at="2024-02-28T12:56:08 IST" name="UpdateUser" finished-at="2024-02-28T12:56:08 IST" duration-ms="703" status="PASS">
          <reporter-output>
          </reporter-output>
        </test-method> <!-- UpdateUser -->
        <test-method signature="deleteUser()[pri:0, instance:restassuredtraining.HttpRequests@79924b]" started-at="2024-02-28T12:56:08 IST" name="deleteUser" finished-at="2024-02-28T12:56:09 IST" duration-ms="418" status="PASS">
          <reporter-output>
          </reporter-output>
        </test-method> <!-- deleteUser -->
        <test-method signature="getUsers()[pri:0, instance:restassuredtraining.HttpRequests@79924b]" started-at="2024-02-28T12:56:09 IST" name="getUsers" finished-at="2024-02-28T12:56:09 IST" duration-ms="206" status="PASS">
          <reporter-output>
          </reporter-output>
        </test-method> <!-- getUsers -->
      </class> <!-- restassuredtraining.HttpRequests -->
    </test> <!-- Default test -->
  </suite> <!-- Default suite -->
</testng-results>
