<?xml version="1.0" encoding="UTF-8"?>
<testng-results ignored="0" total="3" passed="3" failed="0" skipped="0">
  <reporter-output>
  </reporter-output>
  <suite started-at="2024-03-15T14:21:40 IST" name="Default suite" finished-at="2024-03-15T14:22:36 IST" duration-ms="55781">
    <groups>
    </groups>
    <test started-at="2024-03-15T14:21:40 IST" name="Default test" finished-at="2024-03-15T14:22:36 IST" duration-ms="55781">
      <class name="locationtest.LocationTestAutomation">
        <test-method is-config="true" signature="launchBrowser()[pri:0, instance:locationtest.LocationTestAutomation@47eaca72]" started-at="2024-03-15T14:21:32 IST" name="launchBrowser" finished-at="2024-03-15T14:21:40 IST" duration-ms="7965" status="PASS">
          <reporter-output>
          </reporter-output>
        </test-method> <!-- launchBrowser -->
        <test-method signature="addLocationstest()[pri:0, instance:locationtest.LocationTestAutomation@47eaca72]" started-at="2024-03-15T14:21:40 IST" name="addLocationstest" finished-at="2024-03-15T14:22:02 IST" duration-ms="22276" status="PASS">
          <reporter-output>
          </reporter-output>
        </test-method> <!-- addLocationstest -->
        <test-method signature="deletelocationstest()[pri:0, instance:locationtest.LocationTestAutomation@47eaca72]" started-at="2024-03-15T14:22:02 IST" name="deletelocationstest" finished-at="2024-03-15T14:22:10 IST" duration-ms="8227" status="PASS">
          <reporter-output>
          </reporter-output>
        </test-method> <!-- deletelocationstest -->
        <test-method signature="editlocationstest()[pri:0, instance:locationtest.LocationTestAutomation@47eaca72]" started-at="2024-03-15T14:22:10 IST" name="editlocationstest" finished-at="2024-03-15T14:22:36 IST" duration-ms="25240" status="PASS">
          <reporter-output>
          </reporter-output>
        </test-method> <!-- editlocationstest -->
        <test-method is-config="true" signature="closingBrowser()[pri:0, instance:locationtest.LocationTestAutomation@47eaca72]" started-at="2024-03-15T14:22:36 IST" name="closingBrowser" finished-at="2024-03-15T14:22:36 IST" duration-ms="304" status="PASS">
          <reporter-output>
          </reporter-output>
        </test-method> <!-- closingBrowser -->
      </class> <!-- locationtest.LocationTestAutomation -->
    </test> <!-- Default test -->
  </suite> <!-- Default suite -->
</testng-results>
