<?xml version="1.0" encoding="UTF-8"?>
<testng-results ignored="2" total="3" passed="1" failed="0" skipped="0">
  <reporter-output>
  </reporter-output>
  <suite started-at="2024-03-13T17:38:39 IST" name="Default suite" finished-at="2024-03-13T17:38:48 IST" duration-ms="8847">
    <groups>
    </groups>
    <test started-at="2024-03-13T17:38:39 IST" name="Default test" finished-at="2024-03-13T17:38:48 IST" duration-ms="8847">
      <class name="locationtest.LocationTestAutomation">
        <test-method is-config="true" signature="launchBrowser()[pri:0, instance:locationtest.LocationTestAutomation@5656be13]" started-at="2024-03-13T17:38:22 IST" name="launchBrowser" finished-at="2024-03-13T17:38:39 IST" duration-ms="17256" status="PASS">
          <reporter-output>
          </reporter-output>
        </test-method> <!-- launchBrowser -->
        <test-method signature="deletelocationstest()[pri:0, instance:locationtest.LocationTestAutomation@5656be13]" started-at="2024-03-13T17:38:39 IST" name="deletelocationstest" finished-at="2024-03-13T17:38:48 IST" duration-ms="8785" status="PASS">
          <reporter-output>
          </reporter-output>
        </test-method> <!-- deletelocationstest -->
        <test-method is-config="true" signature="closingBrowser()[pri:0, instance:locationtest.LocationTestAutomation@5656be13]" started-at="2024-03-13T17:38:48 IST" name="closingBrowser" finished-at="2024-03-13T17:38:49 IST" duration-ms="1153" status="PASS">
          <reporter-output>
          </reporter-output>
        </test-method> <!-- closingBrowser -->
      </class> <!-- locationtest.LocationTestAutomation -->
    </test> <!-- Default test -->
  </suite> <!-- Default suite -->
</testng-results>
