<?xml version="1.0" encoding="UTF-8"?>
<!-- Generated by org.testng.reporters.JUnitXMLReporter -->
<testsuite ignored="2" hostname="DESKTOP-QU7RCDU" failures="0" tests="1" name="Default test" time="24.379" errors="0" timestamp="2024-03-20T12:46:30 IST">
  <testcase classname="locationtest.LocationTestAutomation" name="addLocationstest" time="24.317"/>
  <testcase classname="locationtest.LocationTestAutomation" name="deletelocationstest" time="0.0">
    <ignored/>
  </testcase> <!-- deletelocationstest -->
  <testcase classname="locationtest.LocationTestAutomation" name="editlocationstest" time="0.0">
    <ignored/>
  </testcase> <!-- editlocationstest -->
</testsuite> <!-- Default test -->
