<?xml version="1.0" encoding="UTF-8"?>
<!-- Generated by org.testng.reporters.JUnitXMLReporter -->
<testsuite ignored="2" hostname="DESKTOP-QU7RCDU" failures="0" tests="1" name="Default test" time="8.327" errors="0" timestamp="2024-03-13T15:21:50 IST">
  <testcase classname="com.orangehrm.admin.memberships.LeaveManageAutomateTest" name="deleteMembershiptest" time="8.235"/>
  <testcase classname="com.orangehrm.admin.memberships.LeaveManageAutomateTest" name="editskillstest" time="0.0">
    <ignored/>
  </testcase> <!-- editskillstest -->
  <testcase classname="com.orangehrm.admin.memberships.LeaveManageAutomateTest" name="addSkillstest" time="0.0">
    <ignored/>
  </testcase> <!-- addSkillstest -->
</testsuite> <!-- Default test -->
