<?xml version="1.0" encoding="UTF-8"?>
<!-- Generated by org.testng.reporters.JUnitXMLReporter -->
<testsuite ignored="0" hostname="DESKTOP-QU7RCDU" failures="0" tests="3" name="Default test" time="28.447" errors="0" timestamp="2024-03-15T12:04:10 IST">
  <testcase classname="skillstest.SkillsTestAutomation" name="addSkillstest" time="10.053"/>
  <testcase classname="skillstest.SkillsTestAutomation" name="deletelocationstest" time="7.868"/>
  <testcase classname="skillstest.SkillsTestAutomation" name="editskillstest" time="10.34"/>
</testsuite> <!-- Default test -->
