<?xml version="1.0" encoding="UTF-8"?>
<!-- Generated by org.testng.reporters.JUnitXMLReporter -->
<testsuite ignored="0" hostname="DESKTOP-QU7RCDU" failures="0" tests="4" name="Default test" time="4.336" errors="0" timestamp="2024-02-28T12:56:09 IST">
  <testcase classname="restassuredtraining.HttpRequests" name="CreateUser" time="2.956"/>
  <testcase classname="restassuredtraining.HttpRequests" name="UpdateUser" time="0.703"/>
  <testcase classname="restassuredtraining.HttpRequests" name="deleteUser" time="0.418"/>
  <testcase classname="restassuredtraining.HttpRequests" name="getUsers" time="0.206"/>
</testsuite> <!-- Default test -->
