<?xml version="1.0" encoding="UTF-8"?>
<testng-results ignored="0" total="3" passed="3" failed="0" skipped="0">
  <reporter-output>
  </reporter-output>
  <suite started-at="2024-03-15T12:03:42 IST" name="Default suite" finished-at="2024-03-15T12:04:10 IST" duration-ms="28447">
    <groups>
    </groups>
    <test started-at="2024-03-15T12:03:42 IST" name="Default test" finished-at="2024-03-15T12:04:10 IST" duration-ms="28447">
      <class name="skillstest.SkillsTestAutomation">
        <test-method is-config="true" signature="launchBrowser()[pri:0, instance:skillstest.SkillsTestAutomation@1ce24091]" started-at="2024-03-15T12:03:24 IST" name="launchBrowser" finished-at="2024-03-15T12:03:42 IST" duration-ms="17394" status="PASS">
          <reporter-output>
          </reporter-output>
        </test-method> <!-- launchBrowser -->
        <test-method signature="addSkillstest()[pri:0, instance:skillstest.SkillsTestAutomation@1ce24091]" started-at="2024-03-15T12:03:42 IST" name="addSkillstest" finished-at="2024-03-15T12:03:52 IST" duration-ms="10053" status="PASS">
          <reporter-output>
          </reporter-output>
        </test-method> <!-- addSkillstest -->
        <test-method signature="deletelocationstest()[pri:0, instance:skillstest.SkillsTestAutomation@1ce24091]" started-at="2024-03-15T12:03:52 IST" name="deletelocationstest" finished-at="2024-03-15T12:04:00 IST" duration-ms="7868" status="PASS">
          <reporter-output>
          </reporter-output>
        </test-method> <!-- deletelocationstest -->
        <test-method signature="editskillstest()[pri:0, instance:skillstest.SkillsTestAutomation@1ce24091]" started-at="2024-03-15T12:04:00 IST" name="editskillstest" finished-at="2024-03-15T12:04:10 IST" duration-ms="10340" status="PASS">
          <reporter-output>
          </reporter-output>
        </test-method> <!-- editskillstest -->
        <test-method is-config="true" signature="closingBrowser()[pri:0, instance:skillstest.SkillsTestAutomation@1ce24091]" started-at="2024-03-15T12:04:10 IST" name="closingBrowser" finished-at="2024-03-15T12:04:11 IST" duration-ms="354" status="PASS">
          <reporter-output>
          </reporter-output>
        </test-method> <!-- closingBrowser -->
      </class> <!-- skillstest.SkillsTestAutomation -->
    </test> <!-- Default test -->
  </suite> <!-- Default suite -->
</testng-results>
