<?xml version="1.0" encoding="UTF-8"?>
<testng-results ignored="0" total="1" passed="1" failed="0" skipped="0">
  <reporter-output>
  </reporter-output>
  <suite started-at="2024-03-13T14:13:31 IST" name="Default suite" finished-at="2024-03-13T14:13:37 IST" duration-ms="6011">
    <groups>
    </groups>
    <test started-at="2024-03-13T14:13:31 IST" name="Default test" finished-at="2024-03-13T14:13:37 IST" duration-ms="6011">
      <class name="com.orangehrm.admin.memberships.LeaveManageAutomateTest">
        <test-method is-config="true" signature="launchBrowser()[pri:0, instance:com.orangehrm.admin.memberships.LeaveManageAutomateTest@3ad83a66]" started-at="2024-03-13T14:13:23 IST" name="launchBrowser" finished-at="2024-03-13T14:13:31 IST" duration-ms="8061" status="PASS">
          <reporter-output>
          </reporter-output>
        </test-method> <!-- launchBrowser -->
        <test-method signature="testToShowErrorWithEmptyName()[pri:0, instance:com.orangehrm.admin.memberships.LeaveManageAutomateTest@3ad83a66]" started-at="2024-03-13T14:13:31 IST" name="testToShowErrorWithEmptyName" finished-at="2024-03-13T14:13:37 IST" duration-ms="5967" status="PASS">
          <reporter-output>
          </reporter-output>
        </test-method> <!-- testToShowErrorWithEmptyName -->
        <test-method is-config="true" signature="closingBrowser()[pri:0, instance:com.orangehrm.admin.memberships.LeaveManageAutomateTest@3ad83a66]" started-at="2024-03-13T14:13:37 IST" name="closingBrowser" finished-at="2024-03-13T14:13:38 IST" duration-ms="338" status="PASS">
          <reporter-output>
          </reporter-output>
        </test-method> <!-- closingBrowser -->
      </class> <!-- com.orangehrm.admin.memberships.LeaveManageAutomateTest -->
    </test> <!-- Default test -->
  </suite> <!-- Default suite -->
</testng-results>
