<?xml version="1.0" encoding="UTF-8"?>
<testng-results ignored="0" total="1" passed="1" failed="0" skipped="0">
  <reporter-output>
  </reporter-output>
  <suite started-at="2024-03-05T15:29:30 IST" name="Default suite" finished-at="2024-03-05T15:29:53 IST" duration-ms="22820">
    <groups>
    </groups>
    <test started-at="2024-03-05T15:29:30 IST" name="Default test" finished-at="2024-03-05T15:29:53 IST" duration-ms="22820">
      <class name="checkingusers.UserSearchTest">
        <test-method is-config="true" signature="setUp()[pri:0, instance:checkingusers.UserSearchTest@5b8dfcc1]" started-at="2024-03-05T15:29:30 IST" name="setUp" finished-at="2024-03-05T15:29:31 IST" duration-ms="1311" status="PASS">
          <reporter-output>
          </reporter-output>
        </test-method> <!-- setUp -->
        <test-method signature="testUserSearch()[pri:0, instance:checkingusers.UserSearchTest@5b8dfcc1]" started-at="2024-03-05T15:29:31 IST" name="testUserSearch" finished-at="2024-03-05T15:29:52 IST" duration-ms="21298" status="PASS">
          <reporter-output>
          </reporter-output>
        </test-method> <!-- testUserSearch -->
        <test-method is-config="true" signature="tearDown()[pri:0, instance:checkingusers.UserSearchTest@5b8dfcc1]" started-at="2024-03-05T15:29:52 IST" name="tearDown" finished-at="2024-03-05T15:29:53 IST" duration-ms="180" status="PASS">
          <reporter-output>
          </reporter-output>
        </test-method> <!-- tearDown -->
      </class> <!-- checkingusers.UserSearchTest -->
    </test> <!-- Default test -->
  </suite> <!-- Default suite -->
</testng-results>
